I 010420 022954 Log file started
I 010420 022954 Time Zone is UTC
I 010420 022954 wcd_lago_008.conf Configuration file loaded
I 010420 022954 Red Pitaya acquisition configured
I 010420 022954 Acquisition started
M 010420 023054        9569 159.48 189.00 136.00
M 010420 023154       19084 158.58 182.00 133.00
M 010420 023254       28572 158.13 184.00 129.00
M 010420 023354       37812 154.00 183.00 125.00
M 010420 023454       47306 158.23 190.00 133.00
M 010420 023554       56661 155.92 191.00 132.00
M 010420 023654       66056 156.58 185.00 123.00
M 010420 023754       75490 157.23 175.00 133.00
M 010420 023854       84884 156.57 197.00 127.00
M 010420 023954       94235 155.85 184.00 135.00
M 010420 024054      103556 155.35 178.00 124.00
M 010420 024154      113007 157.52 191.00 127.00
M 010420 024254      122519 158.53 187.00 136.00
M 010420 024354      132120 160.02 194.00 139.00
M 010420 024454      141733 160.22 188.00 131.00
M 010420 024554      151195 157.70 185.00 134.00
M 010420 024654      160701 158.43 176.00 139.00
M 010420 024754      170430 162.15 186.00 133.00
M 010420 024854      180021 159.85 194.00 125.00
M 010420 024954      189432 156.85 180.00 132.00
M 010420 025054      199110 161.30 200.00 137.00
M 010420 025154      208706 159.93 192.00 138.00
M 010420 025254      218253 159.12 198.00 133.00
M 010420 025354      227700 157.45 183.00 117.00
M 010420 025454      237477 162.95 183.00 141.00
M 010420 025554      247162 161.42 183.00 132.00
M 010420 025654      256765 160.05 196.00 125.00
M 010420 025754      266361 159.93 188.00 139.00
M 010420 025854      276052 161.52 185.00 132.00
M 010420 025954      285434 156.37 183.00 131.00
M 010420 030054      295043 160.15 193.00 140.00
M 010420 030154      304636 159.88 183.00 129.00
M 010420 030254      314200 159.40 187.00 129.00
M 010420 030354      323819 160.32 199.00 134.00
M 010420 030454      333604 163.08 198.00 139.00
M 010420 030554      343272 161.13 195.00 132.00
M 010420 030654      352871 159.98 186.00 136.00
M 010420 030754      362302 157.18 186.00 136.00
M 010420 030854      371775 157.88 183.00 131.00
M 010420 030954      381296 158.68 181.00 137.00
M 010420 031054      390782 158.10 186.00 138.00
M 010420 031154      400280 158.30 185.00 131.00
M 010420 031254      409778 158.30 184.00 124.00
M 010420 031354      419340 159.37 187.00 133.00
M 010420 031454      428840 158.33 198.00 125.00
M 010420 031554      438327 158.12 193.00 122.00
M 010420 031654      448006 161.32 192.00 128.00
M 010420 031754      457673 161.12 185.00 127.00
M 010420 031854      467119 157.43 189.00 125.00
M 010420 031954      476469 155.83 192.00 132.00
M 010420 032054      485912 157.38 182.00 132.00
M 010420 032154      495337 157.08 187.00 130.00
M 010420 032254      504622 154.75 179.00 134.00
M 010420 032354      513789 152.78 176.00 124.00
M 010420 032454      523127 155.63 179.00 120.00
M 010420 032554      532580 157.55 189.00 130.00
M 010420 032654      542053 157.88 180.00 130.00
M 010420 032754      551621 159.47 176.00 139.00
M 010420 032854      561127 158.43 190.00 134.00
M 010420 032954      570611 158.07 185.00 133.00
I 010420 032955 File wcd_lago_008_1d-010420-022954.paa writted with 570762 pulses
M 010420 033054      580013 156.70 179.00 134.00
M 010420 033154      589569 159.27 185.00 140.00
M 010420 033254      599087 158.63 185.00 136.00
M 010420 033354      608611 158.73 193.00 133.00
M 010420 033454      618192 159.68 185.00 130.00
M 010420 033554      627465 154.55 180.00 128.00
M 010420 033654      636836 156.18 190.00 125.00
M 010420 033754      646220 156.40 194.00 127.00
M 010420 033854      655575 155.92 184.00 134.00
M 010420 033954      665052 157.95 185.00 135.00
M 010420 034054      674488 157.27 186.00 130.00
M 010420 034154      683820 155.53 183.00 132.00
M 010420 034254      693363 159.05 192.00 130.00
M 010420 034354      702753 156.50 186.00 130.00
M 010420 034454      712150 156.62 185.00 129.00
M 010420 034554      721623 157.88 178.00 134.00
M 010420 034654      731224 160.02 185.00 134.00
M 010420 034754      740863 160.65 197.00 134.00
M 010420 034854      750655 163.20 194.00 133.00
M 010420 034954      760237 159.70 191.00 133.00
M 010420 035054      769825 159.80 195.00 133.00
M 010420 035154      779450 160.42 184.00 130.00
M 010420 035254      789124 161.23 199.00 136.00
M 010420 035354      798630 158.43 192.00 128.00
M 010420 035454      808308 161.30 194.00 125.00
M 010420 035554      818130 163.70 183.00 138.00
M 010420 035654      827698 159.47 188.00 133.00
M 010420 035754      837507 163.48 192.00 138.00
M 010420 035854      847309 163.37 199.00 134.00
M 010420 035954      856633 155.40 184.00 125.00
M 010420 040054      866320 161.45 191.00 140.00
M 010420 040154      875862 159.03 191.00 137.00
M 010420 040254      885317 157.58 178.00 122.00
M 010420 040354      894798 158.02 187.00 132.00
M 010420 040454      904205 156.78 186.00 134.00
M 010420 040554      913896 161.52 191.00 136.00
M 010420 040654      923411 158.58 179.00 137.00
M 010420 040754      932962 159.18 212.00 133.00
M 010420 040854      942587 160.42 190.00 135.00
M 010420 040954      952083 158.27 185.00 130.00
M 010420 041054      961740 160.95 179.00 135.00
M 010420 041154      971107 156.12 185.00 129.00
M 010420 041254      980567 157.67 184.00 133.00
M 010420 041354      990084 158.62 183.00 128.00
M 010420 041454      999636 159.20 193.00 135.00
M 010420 041554     1009215 159.65 181.00 131.00
M 010420 041654     1018726 158.52 187.00 135.00
M 010420 041754     1028265 158.98 192.00 126.00
M 010420 041854     1037695 157.17 190.00 125.00
M 010420 041954     1047107 156.87 191.00 118.00
M 010420 042054     1056623 158.60 186.00 128.00
M 010420 042154     1066039 156.93 185.00 120.00
M 010420 042254     1075600 159.35 187.00 127.00
M 010420 042354     1085062 157.70 191.00 127.00
M 010420 042454     1094541 157.98 185.00 127.00
M 010420 042554     1104153 160.20 190.00 133.00
M 010420 042654     1113619 157.77 180.00 136.00
M 010420 042754     1123202 159.72 194.00 130.00
M 010420 042854     1132805 160.05 205.00 130.00
M 010420 042954     1142525 162.00 193.00 132.00
I 010420 042955 File wcd_lago_008_1d-010420-032955.paa writted with 571928 pulses
M 010420 043054     1152108 159.72 182.00 139.00
M 010420 043154     1161705 159.95 194.00 128.00
M 010420 043254     1171615 165.17 191.00 143.00
M 010420 043354     1181277 161.03 192.00 139.00
M 010420 043454     1190867 159.83 202.00 134.00
M 010420 043554     1200555 161.47 195.00 135.00
M 010420 043654     1210283 162.13 190.00 138.00
M 010420 043754     1220159 164.60 189.00 128.00
M 010420 043854     1229958 163.32 199.00 131.00
M 010420 043954     1239754 163.27 201.00 138.00
M 010420 044054     1249383 160.48 189.00 140.00
M 010420 044154     1259126 162.38 193.00 135.00
M 010420 044254     1269010 164.73 203.00 126.00
M 010420 044354     1278639 160.48 189.00 138.00
M 010420 044454     1288356 161.95 189.00 127.00
M 010420 044554     1297886 158.83 192.00 127.00
M 010420 044654     1307606 162.00 198.00 132.00
M 010420 044754     1317327 162.02 205.00 144.00
M 010420 044854     1327111 163.07 201.00 131.00
M 010420 044954     1336715 160.07 184.00 131.00
M 010420 045054     1346491 162.93 189.00 139.00
M 010420 045154     1356125 160.57 185.00 132.00
M 010420 045254     1365664 158.98 195.00 136.00
M 010420 045354     1375406 162.37 184.00 132.00
M 010420 045454     1384971 159.42 183.00 133.00
M 010420 045554     1394508 158.95 190.00 127.00
M 010420 045654     1404218 161.83 189.00 136.00
M 010420 045754     1413857 160.65 197.00 135.00
M 010420 045854     1423634 162.95 191.00 138.00
M 010420 045954     1433265 160.52 193.00 139.00
M 010420 050054     1442955 161.50 200.00 127.00
M 010420 050154     1452505 159.17 189.00 134.00
M 010420 050254     1462092 159.78 184.00 135.00
M 010420 050354     1471737 160.75 189.00 128.00
M 010420 050454     1481443 161.77 197.00 132.00
M 010420 050554     1490975 158.87 198.00 135.00
M 010420 050654     1500681 161.77 182.00 128.00
M 010420 050754     1510125 157.40 182.00 139.00
M 010420 050854     1519507 156.37 178.00 129.00
M 010420 050954     1529247 162.33 185.00 122.00
M 010420 051054     1538887 160.67 194.00 134.00
M 010420 051154     1548569 161.37 190.00 127.00
M 010420 051254     1558025 157.60 180.00 133.00
M 010420 051354     1567464 157.32 191.00 126.00
M 010420 051454     1577069 160.08 188.00 133.00
M 010420 051554     1586825 162.60 189.00 137.00
M 010420 051654     1596458 160.55 186.00 133.00
M 010420 051754     1606174 161.93 194.00 137.00
M 010420 051854     1615782 160.13 187.00 127.00
M 010420 051954     1625274 158.20 193.00 124.00
M 010420 052054     1634858 159.73 189.00 138.00
M 010420 052154     1644492 160.57 185.00 133.00
M 010420 052254     1653926 157.23 197.00 135.00
M 010420 052354     1663573 160.78 187.00 123.00
M 010420 052454     1673164 159.85 189.00 139.00
M 010420 052554     1682781 160.28 199.00 130.00
M 010420 052654     1692426 160.75 197.00 131.00
M 010420 052754     1702103 161.28 192.00 130.00
M 010420 052854     1711661 159.30 186.00 135.00
M 010420 052954     1721114 157.55 188.00 131.00
I 010420 052955 File wcd_lago_008_1d-010420-042955.paa writted with 578577 pulses
M 010420 053054     1730653 158.98 185.00 133.00
M 010420 053154     1740270 160.28 198.00 130.00
M 010420 053254     1749988 161.97 193.00 131.00
M 010420 053354     1759936 165.80 198.00 140.00
M 010420 053454     1769657 162.02 190.00 132.00
M 010420 053554     1779214 159.28 195.00 134.00
M 010420 053655     1789032 163.63 204.00 143.00
M 010420 053755     1798768 162.27 191.00 123.00
M 010420 053855     1808419 160.85 203.00 139.00
M 010420 053955     1818107 161.47 183.00 145.00
M 010420 054055     1827634 158.78 192.00 129.00
M 010420 054155     1837421 163.12 194.00 135.00
M 010420 054255     1847151 162.17 193.00 134.00
M 010420 054355     1856863 161.87 190.00 128.00
M 010420 054455     1866586 162.05 187.00 128.00
M 010420 054555     1876292 161.77 205.00 140.00
M 010420 054655     1885870 159.63 189.00 131.00
M 010420 054755     1895297 157.12 184.00 132.00
M 010420 054855     1904762 157.75 193.00 127.00
M 010420 054955     1914368 160.10 200.00 117.00
M 010420 055055     1924028 161.00 202.00 126.00
M 010420 055155     1933729 161.68 196.00 126.00
M 010420 055255     1943515 163.10 192.00 134.00
M 010420 055355     1953206 161.52 185.00 136.00
M 010420 055455     1963047 164.02 192.00 147.00
M 010420 055555     1972944 164.95 192.00 135.00
M 010420 055655     1982775 163.85 195.00 138.00
M 010420 055755     1992599 163.73 197.00 145.00
M 010420 055855     2002495 164.93 197.00 130.00
M 010420 055955     2012319 163.73 203.00 142.00
M 010420 060055     2022118 163.32 186.00 136.00
M 010420 060155     2031979 164.35 195.00 134.00
M 010420 060255     2041859 164.67 187.00 138.00
M 010420 060355     2051705 164.10 188.00 136.00
M 010420 060455     2061502 163.28 187.00 136.00
M 010420 060555     2071357 164.25 188.00 134.00
M 010420 060655     2081351 166.57 188.00 142.00
M 010420 060755     2090845 158.23 183.00 121.00
M 010420 060855     2100479 160.57 196.00 123.00
M 010420 060955     2110267 163.13 196.00 136.00
M 010420 061055     2119959 161.53 190.00 137.00
M 010420 061155     2129797 163.97 187.00 145.00
M 010420 061255     2139587 163.17 189.00 135.00
M 010420 061355     2149371 163.07 197.00 126.00
M 010420 061455     2159203 163.87 193.00 142.00
M 010420 061555     2168952 162.48 195.00 122.00
M 010420 061655     2178831 164.65 187.00 136.00
M 010420 061755     2188511 161.33 200.00 128.00
M 010420 061855     2198216 161.75 187.00 134.00
M 010420 061955     2207913 161.62 178.00 137.00
M 010420 062055     2217761 164.13 187.00 143.00
M 010420 062155     2227578 163.62 210.00 133.00
M 010420 062255     2237487 165.15 197.00 140.00
M 010420 062355     2247337 164.17 195.00 143.00
M 010420 062455     2257142 163.42 201.00 138.00
M 010420 062555     2266929 163.12 195.00 126.00
M 010420 062655     2276925 166.60 192.00 138.00
M 010420 062755     2286710 163.08 216.00 135.00
M 010420 062855     2296606 164.93 186.00 122.00
M 010420 062955     2306434 163.80 203.00 133.00
I 010420 062955 File wcd_lago_008_1d-010420-052955.paa writted with 585168 pulses
M 010420 063055     2316427 166.55 197.00 138.00
M 010420 063155     2326192 162.75 186.00 145.00
M 010420 063255     2335930 162.30 187.00 142.00
M 010420 063355     2345605 161.25 200.00 135.00
M 010420 063455     2355514 165.15 189.00 132.00
M 010420 063555     2365287 162.88 197.00 142.00
M 010420 063655     2374851 159.40 184.00 137.00
M 010420 063755     2384437 159.77 197.00 133.00
M 010420 063855     2394137 161.67 193.00 134.00
M 010420 063955     2404014 164.62 194.00 131.00
M 010420 064055     2413853 163.98 191.00 133.00
M 010420 064155     2423671 163.63 192.00 139.00
M 010420 064255     2433386 161.92 194.00 124.00
M 010420 064355     2442955 159.48 190.00 121.00
M 010420 064455     2452585 160.50 191.00 131.00
M 010420 064555     2462289 161.73 185.00 144.00
M 010420 064655     2472186 164.95 192.00 136.00
M 010420 064755     2481952 162.77 193.00 143.00
M 010420 064855     2491655 161.72 191.00 133.00
M 010420 064955     2501317 161.03 195.00 137.00
M 010420 065055     2511050 162.22 189.00 138.00
M 010420 065155     2520891 164.02 189.00 131.00
M 010420 065255     2530568 161.28 190.00 131.00
M 010420 065355     2540302 162.23 200.00 130.00
M 010420 065455     2550139 163.95 187.00 135.00
M 010420 065555     2559812 161.22 196.00 135.00
M 010420 065655     2569414 160.03 187.00 132.00
M 010420 065755     2579160 162.43 192.00 131.00
M 010420 065855     2588918 162.63 192.00 128.00
M 010420 065955     2598745 163.78 195.00 137.00
M 010420 070055     2608446 161.68 186.00 136.00
M 010420 070155     2618078 160.53 187.00 131.00
M 010420 070255     2627695 160.28 191.00 133.00
M 010420 070355     2637591 164.93 195.00 129.00
M 010420 070455     2647610 166.98 199.00 141.00
M 010420 070555     2657513 165.05 198.00 142.00
M 010420 070655     2667562 167.48 194.00 146.00
M 010420 070755     2677563 166.68 194.00 142.00
M 010420 070855     2687670 168.45 202.00 143.00
M 010420 070955     2697600 165.50 191.00 135.00
M 010420 071055     2707406 163.43 186.00 142.00
M 010420 071155     2717503 168.28 204.00 134.00
M 010420 071255     2727614 168.52 191.00 136.00
M 010420 071355     2737781 169.45 197.00 143.00
M 010420 071455     2747788 166.78 196.00 140.00
M 010420 071555     2757842 167.57 200.00 141.00
M 010420 071655     2767890 167.47 195.00 142.00
M 010420 071755     2778109 170.32 203.00 145.00
M 010420 071855     2788205 168.27 198.00 140.00
M 010420 071955     2798384 169.65 202.00 136.00
M 010420 072055     2808572 169.80 206.00 149.00
M 010420 072155     2818786 170.23 202.00 145.00
M 010420 072255     2828942 169.27 196.00 143.00
M 010420 072355     2839098 169.27 218.00 138.00
M 010420 072455     2849319 170.35 202.00 135.00
M 010420 072555     2859572 170.88 205.00 135.00
M 010420 072655     2869817 170.75 199.00 146.00
M 010420 072755     2879943 168.77 201.00 136.00
M 010420 072855     2889931 166.47 201.00 139.00
M 010420 072955     2900019 168.13 194.00 143.00
I 010420 072955 File wcd_lago_008_1d-010420-062955.paa writted with 593585 pulses
M 010420 073055     2910314 171.58 210.00 142.00
M 010420 073155     2920479 169.42 200.00 142.00
M 010420 073255     2930550 167.85 205.00 142.00
M 010420 073355     2940700 169.17 199.00 132.00
M 010420 073455     2950813 168.55 190.00 144.00
M 010420 073555     2960953 169.00 196.00 137.00
M 010420 073655     2971070 168.62 212.00 138.00
M 010420 073755     2981166 168.27 199.00 136.00
M 010420 073855     2991459 171.55 205.00 147.00
M 010420 073955     3001467 166.80 192.00 137.00
M 010420 074055     3011754 171.45 193.00 151.00
M 010420 074155     3021861 168.45 197.00 135.00
M 010420 074255     3032105 170.73 202.00 144.00
M 010420 074355     3042163 167.63 191.00 124.00
M 010420 074455     3052435 171.20 201.00 149.00
M 010420 074555     3062732 171.62 203.00 148.00
M 010420 074655     3072831 168.32 209.00 140.00
M 010420 074755     3082966 168.92 201.00 144.00
M 010420 074855     3093198 170.53 204.00 140.00
M 010420 074955     3103374 169.60 208.00 142.00
M 010420 075055     3113580 170.10 195.00 141.00
M 010420 075155     3123695 168.58 206.00 136.00
M 010420 075255     3133786 168.18 195.00 142.00
M 010420 075355     3144118 172.20 201.00 147.00
M 010420 075455     3154501 173.05 207.00 142.00
M 010420 075555     3164855 172.57 203.00 137.00
M 010420 075655     3175022 169.45 191.00 145.00
M 010420 075755     3185432 173.50 204.00 151.00
M 010420 075855     3195726 171.57 202.00 140.00
M 010420 075955     3205898 169.53 204.00 144.00
M 010420 080055     3216282 173.07 211.00 139.00
M 010420 080155     3226372 168.17 200.00 133.00
M 010420 080255     3236491 168.65 207.00 134.00
M 010420 080355     3246876 173.08 210.00 147.00
M 010420 080455     3257138 171.03 196.00 140.00
M 010420 080555     3267427 171.48 193.00 152.00
M 010420 080655     3277754 172.12 203.00 140.00
M 010420 080755     3287973 170.32 198.00 137.00
M 010420 080855     3298093 168.67 197.00 136.00
M 010420 080955     3308235 169.03 197.00 144.00
M 010420 081055     3318350 168.58 199.00 138.00
M 010420 081155     3328484 168.90 201.00 128.00
M 010420 081255     3338506 167.03 189.00 144.00
M 010420 081355     3348632 168.77 199.00 129.00
M 010420 081455     3358737 168.42 189.00 146.00
M 010420 081555     3368744 166.78 199.00 149.00
M 010420 081655     3378887 169.05 201.00 142.00
M 010420 081755     3389029 169.03 199.00 134.00
M 010420 081855     3398919 164.83 194.00 130.00
M 010420 081955     3408681 162.70 189.00 127.00
M 010420 082055     3418739 167.63 202.00 137.00
M 010420 082155     3428705 166.10 200.00 136.00
M 010420 082255     3438615 165.17 200.00 140.00
M 010420 082355     3448699 168.07 192.00 137.00
M 010420 082455     3458779 168.00 214.00 141.00
M 010420 082555     3469077 171.63 202.00 144.00
M 010420 082655     3479090 166.88 197.00 137.00
M 010420 082755     3489161 167.85 201.00 143.00
M 010420 082855     3499209 167.47 192.00 140.00
M 010420 082955     3509346 168.95 202.00 144.00
I 010420 082955 File wcd_lago_008_1d-010420-072955.paa writted with 609331 pulses
M 010420 083055     3519327 166.35 192.00 139.00
M 010420 083155     3529249 165.37 190.00 136.00
M 010420 083255     3539165 165.27 198.00 140.00
M 010420 083355     3549437 171.20 205.00 139.00
M 010420 083455     3559587 169.17 202.00 131.00
M 010420 083555     3569633 167.43 194.00 142.00
M 010420 083655     3579818 169.75 196.00 145.00
M 010420 083755     3589979 169.35 196.00 145.00
M 010420 083855     3599958 166.32 186.00 137.00
M 010420 083955     3610195 170.62 202.00 135.00
M 010420 084055     3620217 167.03 206.00 129.00
M 010420 084155     3630358 169.02 190.00 139.00
M 010420 084255     3640460 168.37 191.00 139.00
M 010420 084355     3650512 167.53 189.00 144.00
M 010420 084455     3660829 171.95 200.00 138.00
M 010420 084555     3671108 171.32 206.00 134.00
M 010420 084655     3681084 166.27 191.00 137.00
M 010420 084755     3691154 167.83 195.00 146.00
M 010420 084855     3701333 169.65 198.00 142.00
M 010420 084955     3711696 172.72 197.00 140.00
M 010420 085055     3721933 170.62 195.00 144.00
M 010420 085155     3732241 171.80 197.00 149.00
M 010420 085255     3742487 170.77 202.00 140.00
M 010420 085355     3752734 170.78 193.00 145.00
M 010420 085455     3762919 169.75 197.00 150.00
M 010420 085555     3773010 168.18 196.00 145.00
M 010420 085655     3783116 168.43 198.00 142.00
M 010420 085755     3793312 169.93 200.00 138.00
M 010420 085855     3803443 168.85 190.00 137.00
M 010420 085955     3813652 170.15 198.00 138.00
M 010420 090055     3823725 167.88 198.00 136.00
M 010420 090155     3834088 172.72 199.00 125.00
M 010420 090255     3844281 169.88 199.00 142.00
M 010420 090355     3854508 170.45 200.00 138.00
M 010420 090455     3864817 171.82 213.00 138.00
M 010420 090555     3875165 172.47 212.00 148.00
M 010420 090655     3885316 169.18 196.00 139.00
M 010420 090755     3895515 169.98 198.00 141.00
M 010420 090855     3905720 170.08 196.00 137.00
M 010420 090955     3915998 171.30 192.00 147.00
M 010420 091055     3926198 170.00 198.00 143.00
M 010420 091155     3936456 170.97 194.00 144.00
M 010420 091255     3946517 167.68 198.00 144.00
M 010420 091355     3956514 166.62 196.00 144.00
M 010420 091455     3966703 169.82 195.00 145.00
M 010420 091555     3977161 174.30 207.00 149.00
M 010420 091655     3987311 169.17 200.00 146.00
M 010420 091755     3997533 170.37 192.00 138.00
M 010420 091856     4007580 167.45 192.00 140.00
M 010420 091956     4017879 171.65 197.00 144.00
M 010420 092056     4028332 174.22 217.00 139.00
M 010420 092156     4038392 167.67 192.00 131.00
M 010420 092256     4048671 171.32 204.00 140.00
M 010420 092356     4058922 170.85 203.00 144.00
M 010420 092456     4069038 168.60 212.00 140.00
M 010420 092556     4079425 173.12 231.00 150.00
M 010420 092656     4089321 164.93 193.00 128.00
M 010420 092756     4099634 171.88 205.00 152.00
M 010420 092856     4109839 170.08 204.00 140.00
I 010420 092955 File wcd_lago_008_1d-010420-082955.paa writted with 610548 pulses
M 010420 092956     4120072 170.55 198.00 136.00
M 010420 093056     4130224 169.20 205.00 139.00
M 010420 093156     4140525 171.68 196.00 141.00
M 010420 093256     4150595 167.83 198.00 147.00
M 010420 093356     4160683 168.13 193.00 144.00
M 010420 093456     4171025 172.37 199.00 152.00
M 010420 093556     4181085 167.67 194.00 143.00
M 010420 093656     4191454 172.82 210.00 145.00
M 010420 093756     4201735 171.35 204.00 143.00
M 010420 093856     4212024 171.48 201.00 151.00
M 010420 093956     4222189 169.42 197.00 145.00
M 010420 094056     4232305 168.60 200.00 142.00
M 010420 094156     4242704 173.32 199.00 145.00
M 010420 094256     4252990 171.43 202.00 141.00
M 010420 094356     4263323 172.22 200.00 147.00
M 010420 094456     4273490 169.45 203.00 144.00
M 010420 094556     4283857 172.78 201.00 138.00
M 010420 094656     4293875 166.97 184.00 141.00
M 010420 094756     4304067 169.87 206.00 143.00
M 010420 094856     4314315 170.80 202.00 146.00
M 010420 094956     4324562 170.78 203.00 142.00
M 010420 095056     4334862 171.67 197.00 147.00
M 010420 095156     4345097 170.58 205.00 147.00
M 010420 095256     4355504 173.45 208.00 149.00
M 010420 095356     4365850 172.43 217.00 131.00
M 010420 095456     4376252 173.37 196.00 145.00
M 010420 095556     4386675 173.72 198.00 146.00
M 010420 095656     4397040 172.75 205.00 141.00
M 010420 095756     4407194 169.23 200.00 146.00
M 010420 095856     4417371 169.62 201.00 142.00
M 010420 095956     4427616 170.75 194.00 146.00
M 010420 100056     4437924 171.80 193.00 143.00
M 010420 100156     4448287 172.72 203.00 129.00
M 010420 100256     4458550 171.05 204.00 139.00
M 010420 100356     4468884 172.23 206.00 151.00
M 010420 100456     4479019 168.92 191.00 136.00
M 010420 100556     4489117 168.30 197.00 141.00
M 010420 100656     4499473 172.60 195.00 139.00
M 010420 100756     4509667 169.90 196.00 135.00
M 010420 100856     4520033 172.77 214.00 140.00
M 010420 100956     4530470 173.95 208.00 137.00
M 010420 101056     4540739 171.15 199.00 138.00
M 010420 101156     4551148 173.48 196.00 152.00
M 010420 101256     4561640 174.87 205.00 132.00
M 010420 101356     4572084 174.07 212.00 142.00
M 010420 101456     4582353 171.15 197.00 145.00
M 010420 101556     4592567 170.23 203.00 147.00
M 010420 101656     4602967 173.33 201.00 140.00
M 010420 101756     4613443 174.60 205.00 140.00
M 010420 101856     4623972 175.48 220.00 150.00
M 010420 101956     4634493 175.35 201.00 158.00
M 010420 102056     4644813 172.00 207.00 133.00
M 010420 102156     4655258 174.08 199.00 146.00
M 010420 102256     4665774 175.27 202.00 147.00
M 010420 102356     4676537 179.38 204.00 150.00
M 010420 102456     4687076 175.65 206.00 143.00
M 010420 102556     4697573 174.95 198.00 147.00
M 010420 102656     4708159 176.43 206.00 141.00
M 010420 102756     4718697 175.63 200.00 149.00
M 010420 102856     4729284 176.45 204.00 137.00
I 010420 102955 File wcd_lago_008_1d-010420-092955.paa writted with 619801 pulses
M 010420 102956     4739881 176.62 205.00 147.00
M 010420 103056     4750502 177.02 199.00 150.00
M 010420 103156     4760971 174.48 208.00 152.00
M 010420 103256     4771726 179.25 223.00 151.00
M 010420 103356     4782195 174.48 210.00 137.00
M 010420 103456     4792759 176.07 206.00 144.00
M 010420 103556     4803295 175.60 200.00 153.00
M 010420 103656     4813690 173.25 212.00 133.00
M 010420 103756     4823992 171.70 201.00 143.00
M 010420 103856     4834384 173.20 209.00 145.00
M 010420 103956     4844795 173.52 200.00 148.00
M 010420 104056     4855276 174.68 209.00 147.00
M 010420 104156     4865799 175.38 203.00 148.00
M 010420 104256     4876367 176.13 202.00 154.00
M 010420 104356     4886730 172.72 198.00 147.00
M 010420 104456     4897165 173.92 195.00 146.00
M 010420 104556     4907655 174.83 203.00 144.00
M 010420 104656     4917983 172.13 207.00 151.00
M 010420 104756     4928477 174.90 208.00 143.00
M 010420 104856     4939008 175.52 211.00 148.00
M 010420 104956     4949424 173.60 204.00 146.00
M 010420 105056     4959738 171.90 206.00 144.00
M 010420 105156     4970110 172.87 212.00 146.00
M 010420 105256     4980442 172.20 209.00 144.00
M 010420 105356     4990831 173.15 197.00 138.00
M 010420 105456     5001263 173.87 205.00 152.00
M 010420 105556     5011701 173.97 198.00 148.00
M 010420 105656     5022047 172.43 192.00 150.00
M 010420 105756     5032316 171.15 206.00 146.00
M 010420 105856     5042388 167.87 198.00 140.00
M 010420 105956     5052748 172.67 201.00 146.00
M 010420 110056     5063132 173.07 200.00 142.00
M 010420 110156     5073425 171.55 198.00 148.00
M 010420 110256     5083576 169.18 195.00 139.00
M 010420 110356     5093661 168.08 194.00 140.00
M 010420 110456     5103869 170.13 203.00 139.00
M 010420 110556     5114392 175.38 211.00 148.00
M 010420 110656     5124772 173.00 200.00 145.00
M 010420 110756     5135082 171.83 201.00 147.00
M 010420 110856     5145274 169.87 214.00 138.00
M 010420 110956     5155768 174.90 212.00 143.00
M 010420 111056     5166200 173.87 205.00 144.00
M 010420 111156     5176737 175.62 205.00 149.00
M 010420 111256     5187401 177.73 201.00 147.00
M 010420 111356     5197757 172.60 196.00 142.00
M 010420 111456     5208300 175.72 202.00 138.00
M 010420 111556     5218732 173.87 197.00 149.00
M 010420 111656     5229263 175.52 215.00 149.00
M 010420 111756     5239821 175.97 200.00 141.00
M 010420 111856     5250316 174.92 204.00 137.00
M 010420 111956     5260721 173.42 203.00 144.00
M 010420 112056     5271201 174.67 199.00 141.00
M 010420 112156     5281876 177.92 205.00 149.00
M 010420 112256     5292322 174.10 206.00 146.00
M 010420 112356     5302715 173.22 207.00 145.00
M 010420 112456     5313386 177.85 207.00 139.00
M 010420 112556     5323872 174.77 207.00 154.00
M 010420 112656     5334400 175.47 197.00 148.00
M 010420 112756     5344968 176.13 215.00 153.00
M 010420 112856     5355620 177.53 208.00 152.00
I 010420 112955 File wcd_lago_008_1d-010420-102955.paa writted with 626347 pulses
M 010420 112956     5366239 176.98 209.00 143.00
M 010420 113056     5376991 179.20 220.00 154.00
M 010420 113156     5387545 175.90 199.00 149.00
M 010420 113256     5398102 175.95 199.00 147.00
M 010420 113356     5408978 181.27 210.00 157.00
M 010420 113456     5419654 177.93 201.00 154.00
M 010420 113556     5430214 176.00 204.00 147.00
M 010420 113656     5440852 177.30 202.00 153.00
M 010420 113756     5451497 177.42 196.00 153.00
M 010420 113856     5462096 176.65 207.00 148.00
M 010420 113956     5472799 178.38 207.00 150.00
M 010420 114056     5483491 178.20 202.00 149.00
M 010420 114156     5494157 177.77 211.00 135.00
M 010420 114256     5504918 179.35 204.00 145.00
M 010420 114356     5515573 177.58 201.00 144.00
M 010420 114456     5526229 177.60 211.00 144.00
M 010420 114556     5537037 180.13 209.00 150.00
M 010420 114656     5547731 178.23 212.00 151.00
M 010420 114756     5558382 177.52 208.00 145.00
M 010420 114856     5569036 177.57 206.00 146.00
M 010420 114956     5579686 177.50 210.00 154.00
M 010420 115056     5590490 180.07 211.00 143.00
M 010420 115156     5600933 174.05 206.00 140.00
M 010420 115256     5611489 175.93 217.00 150.00
M 010420 115356     5621750 171.02 210.00 135.00
M 010420 115456     5632026 171.27 210.00 144.00
M 010420 115556     5642265 170.65 203.00 148.00
M 010420 115656     5652397 168.87 194.00 137.00
M 010420 115756     5662546 169.15 200.00 136.00
M 010420 115856     5672878 172.20 201.00 146.00
M 010420 115956     5683063 169.75 197.00 136.00
M 010420 120056     5693371 171.80 199.00 130.00
M 010420 120156     5703911 175.67 202.00 134.00
M 010420 120256     5714369 174.30 198.00 149.00
M 010420 120356     5724974 176.75 213.00 153.00
M 010420 120456     5735523 175.82 205.00 156.00
M 010420 120556     5745948 173.75 199.00 153.00
M 010420 120656     5756440 174.87 207.00 153.00
M 010420 120756     5766872 173.87 197.00 135.00
M 010420 120856     5777317 174.08 211.00 149.00
M 010420 120956     5788057 179.00 225.00 150.00
M 010420 121056     5798774 178.62 215.00 151.00
M 010420 121156     5809313 175.65 209.00 154.00
M 010420 121256     5819849 175.60 201.00 147.00
M 010420 121356     5830567 178.63 209.00 151.00
M 010420 121456     5840985 173.63 193.00 141.00
M 010420 121556     5851116 168.85 194.00 140.00
M 010420 121656     5861410 171.57 202.00 144.00
M 010420 121756     5871809 173.32 199.00 147.00
M 010420 121856     5882279 174.50 201.00 154.00
M 010420 121956     5892680 173.35 206.00 148.00
M 010420 122056     5903288 176.80 205.00 146.00
M 010420 122156     5913882 176.57 208.00 143.00
M 010420 122256     5924478 176.60 204.00 143.00
M 010420 122356     5934945 174.45 205.00 145.00
M 010420 122456     5945513 176.13 215.00 148.00
M 010420 122556     5956092 176.32 204.00 152.00
M 010420 122656     5966696 176.73 205.00 151.00
M 010420 122756     5977225 175.48 200.00 149.00
M 010420 122856     5987732 175.12 210.00 127.00
I 010420 122955 File wcd_lago_008_1d-010420-112955.paa writted with 632087 pulses
M 010420 122956     5998300 176.13 205.00 149.00
M 010420 123056     6008650 172.50 210.00 152.00
M 010420 123156     6019209 175.98 199.00 154.00
M 010420 123256     6029784 176.25 213.00 147.00
M 010420 123356     6040425 177.35 203.00 147.00
M 010420 123456     6051093 177.80 197.00 152.00
M 010420 123556     6061854 179.35 214.00 144.00
M 010420 123656     6072438 176.40 203.00 146.00
M 010420 123756     6082923 174.75 218.00 144.00
M 010420 123856     6093410 174.78 199.00 147.00
M 010420 123956     6103980 176.17 215.00 149.00
M 010420 124056     6114922 182.37 208.00 161.00
M 010420 124156     6125536 176.90 199.00 150.00
M 010420 124256     6136133 176.62 200.00 150.00
M 010420 124356     6146849 178.60 205.00 154.00
M 010420 124456     6157380 175.52 219.00 141.00
M 010420 124556     6168048 177.80 200.00 152.00
M 010420 124656     6178636 176.47 204.00 155.00
M 010420 124756     6189447 180.18 213.00 153.00
M 010420 124856     6200209 179.37 206.00 154.00
M 010420 124956     6210731 175.37 212.00 148.00
M 010420 125056     6221473 179.03 216.00 150.00
M 010420 125156     6232344 181.18 209.00 147.00
M 010420 125256     6242908 176.07 211.00 146.00
M 010420 125356     6253551 177.38 208.00 146.00
M 010420 125456     6264240 178.15 201.00 148.00
M 010420 125556     6274815 176.25 203.00 145.00
M 010420 125656     6285571 179.27 205.00 154.00
M 010420 125757     6296281 178.50 209.00 151.00
M 010420 125857     6306953 177.87 211.00 148.00
M 010420 125957     6317860 181.78 219.00 154.00
M 010420 130057     6328798 182.30 220.00 152.00
M 010420 130157     6339690 181.53 213.00 156.00
M 010420 130257     6350429 178.98 197.00 153.00
M 010420 130357     6361423 183.23 224.00 163.00
M 010420 130457     6372220 179.95 209.00 148.00
M 010420 130557     6383342 185.37 223.00 148.00
M 010420 130657     6394530 186.47 213.00 153.00
M 010420 130757     6405512 183.03 213.00 153.00
M 010420 130857     6416669 185.95 224.00 165.00
M 010420 130957     6427776 185.12 218.00 156.00
M 010420 131057     6438651 181.25 221.00 160.00
M 010420 131157     6449676 183.75 226.00 154.00
M 010420 131257     6461049 189.55 223.00 156.00
M 010420 131357     6472165 185.27 223.00 135.00
M 010420 131457     6483213 184.13 209.00 154.00
M 010420 131557     6494152 182.32 208.00 138.00
M 010420 131657     6504875 178.72 205.00 150.00
M 010420 131757     6515925 184.17 220.00 160.00
M 010420 131857     6526950 183.75 220.00 144.00
M 010420 131957     6537787 180.62 211.00 151.00
M 010420 132057     6548985 186.63 216.00 159.00
M 010420 132157     6560042 184.28 217.00 154.00
M 010420 132257     6570902 181.00 203.00 154.00
M 010420 132357     6581771 181.15 212.00 143.00
M 010420 132457     6592682 181.85 212.00 152.00
M 010420 132557     6603528 180.77 217.00 156.00
M 010420 132657     6614569 184.02 216.00 157.00
M 010420 132757     6625498 182.15 220.00 153.00
M 010420 132857     6636240 179.03 213.00 156.00
I 010420 132955 File wcd_lago_008_1d-010420-122955.paa writted with 648696 pulses
M 010420 132957     6647217 182.95 216.00 154.00
M 010420 133057     6658347 185.50 211.00 156.00
M 010420 133157     6669550 186.72 218.00 153.00
M 010420 133257     6680718 186.13 210.00 157.00
M 010420 133357     6691955 187.28 228.00 158.00
M 010420 133457     6703300 189.08 216.00 168.00
M 010420 133557     6714550 187.50 229.00 164.00
M 010420 133657     6725864 188.57 224.00 154.00
M 010420 133757     6737220 189.27 215.00 161.00
M 010420 133857     6748566 189.10 225.00 157.00
M 010420 133957     6759847 188.02 226.00 160.00
M 010420 134057     6771074 187.12 213.00 158.00
M 010420 134157     6782286 186.87 222.00 162.00
M 010420 134257     6793673 189.78 220.00 160.00
M 010420 134357     6805104 190.52 219.00 158.00
M 010420 134457     6816271 186.12 210.00 164.00
M 010420 134557     6827792 192.02 223.00 163.00
M 010420 134657     6839134 189.03 231.00 158.00
M 010420 134757     6850217 184.72 230.00 153.00
M 010420 134857     6861263 184.10 212.00 154.00
M 010420 134957     6872512 187.48 219.00 138.00
M 010420 135057     6883626 185.23 220.00 149.00
M 010420 135157     6894792 186.10 213.00 157.00
M 010420 135257     6906119 188.78 223.00 162.00
M 010420 135357     6917571 190.87 219.00 161.00
M 010420 135457     6929087 191.93 220.00 160.00
M 010420 135557     6940487 190.00 218.00 152.00
M 010420 135657     6951478 183.18 209.00 161.00
M 010420 135757     6962783 188.42 228.00 154.00
M 010420 135857     6974583 196.67 223.00 169.00
M 010420 135957     6986091 191.80 222.00 165.00
M 010420 140057     6997556 191.08 221.00 167.00
M 010420 140157     7008970 190.23 216.00 164.00
M 010420 140257     7020406 190.60 219.00 164.00
M 010420 140357     7031754 189.13 219.00 162.00
M 010420 140457     7042911 185.95 231.00 159.00
M 010420 140557     7054128 186.95 217.00 146.00
M 010420 140657     7065327 186.65 215.00 149.00
M 010420 140757     7076420 184.88 212.00 157.00
M 010420 140857     7087592 186.20 218.00 157.00
M 010420 140957     7098734 185.70 220.00 152.00
M 010420 141057     7109910 186.27 213.00 157.00
M 010420 141157     7121045 185.58 216.00 157.00
M 010420 141257     7132218 186.22 241.00 154.00
M 010420 141357     7143468 187.50 218.00 151.00
M 010420 141457     7154616 185.80 208.00 159.00
M 010420 141557     7165899 188.05 222.00 161.00
M 010420 141657     7177186 188.12 223.00 156.00
M 010420 141757     7188083 181.62 213.00 154.00
M 010420 141857     7198999 181.93 211.00 153.00
M 010420 141957     7209921 182.03 205.00 152.00
M 010420 142057     7220895 182.90 219.00 159.00
M 010420 142157     7231892 183.28 208.00 159.00
M 010420 142257     7242937 184.08 220.00 151.00
M 010420 142357     7254072 185.58 216.00 154.00
M 010420 142457     7265190 185.30 225.00 151.00
M 010420 142557     7276506 188.60 225.00 161.00
M 010420 142657     7287707 186.68 219.00 160.00
M 010420 142757     7299131 190.40 222.00 158.00
M 010420 142857     7310542 190.18 220.00 158.00
I 010420 142955 File wcd_lago_008_1d-010420-132955.paa writted with 674812 pulses
M 010420 142957     7322045 191.72 218.00 159.00
M 010420 143057     7333405 189.33 212.00 171.00
M 010420 143157     7344858 190.88 228.00 153.00
M 010420 143257     7356205 189.12 225.00 161.00
M 010420 143357     7367207 183.37 214.00 161.00
M 010420 143457     7378400 186.55 210.00 162.00
M 010420 143557     7389476 184.60 211.00 162.00
M 010420 143657     7400461 183.08 210.00 156.00
M 010420 143757     7411330 181.15 205.00 150.00
M 010420 143857     7422633 188.38 220.00 158.00
M 010420 143957     7433866 187.22 212.00 161.00
M 010420 144057     7445221 189.25 218.00 160.00
M 010420 144157     7456578 189.28 221.00 157.00
M 010420 144257     7468074 191.60 215.00 161.00
M 010420 144357     7479382 188.47 225.00 165.00
M 010420 144457     7490542 186.00 209.00 139.00
M 010420 144557     7501846 188.40 212.00 163.00
M 010420 144657     7513009 186.05 218.00 161.00
M 010420 144757     7524314 188.42 215.00 149.00
M 010420 144857     7535610 188.27 221.00 158.00
M 010420 144957     7546919 188.48 218.00 159.00
M 010420 145057     7558330 190.18 224.00 159.00
M 010420 145157     7569908 192.97 217.00 160.00
M 010420 145257     7581155 187.45 221.00 157.00
M 010420 145357     7592713 192.63 231.00 150.00
M 010420 145457     7604253 192.33 221.00 165.00
M 010420 145557     7615767 191.90 233.00 160.00
M 010420 145657     7627283 191.93 226.00 165.00
M 010420 145757     7638851 192.80 226.00 144.00
M 010420 145857     7650348 191.62 214.00 162.00
M 010420 145957     7661912 192.73 222.00 167.00
M 010420 150057     7673418 191.77 234.00 161.00
M 010420 150157     7684809 189.85 218.00 151.00
M 010420 150257     7696110 188.35 213.00 158.00
M 010420 150357     7707512 190.03 227.00 164.00
M 010420 150457     7719060 192.47 224.00 169.00
M 010420 150557     7730664 193.40 217.00 162.00
M 010420 150657     7742069 190.08 213.00 167.00
M 010420 150757     7753673 193.40 221.00 163.00
M 010420 150857     7765165 191.53 222.00 162.00
M 010420 150957     7776534 189.48 214.00 165.00
M 010420 151057     7787905 189.52 225.00 158.00
M 010420 151157     7799249 189.07 212.00 166.00
M 010420 151257     7810390 185.68 222.00 143.00
M 010420 151357     7821713 188.72 215.00 166.00
M 010420 151457     7833030 188.62 218.00 150.00
M 010420 151557     7844327 188.28 214.00 157.00
M 010420 151657     7855784 190.95 221.00 169.00
M 010420 151757     7867152 189.47 219.00 156.00
M 010420 151857     7878373 187.02 219.00 155.00
M 010420 151957     7889607 187.23 211.00 159.00
M 010420 152057     7900515 181.80 207.00 153.00
M 010420 152157     7911707 186.53 220.00 144.00
M 010420 152257     7922488 179.68 212.00 152.00
M 010420 152357     7933753 187.75 217.00 162.00
M 010420 152457     7944910 185.95 223.00 161.00
M 010420 152557     7955921 183.52 226.00 157.00
M 010420 152657     7966949 183.80 203.00 138.00
M 010420 152757     7977828 181.32 203.00 160.00
M 010420 152857     7988684 180.93 208.00 133.00
I 010420 152955 File wcd_lago_008_1d-010420-142955.paa writted with 677658 pulses
M 010420 152957     7999638 182.57 215.00 157.00
M 010420 153057     8010862 187.07 216.00 156.00
M 010420 153157     8022064 186.70 221.00 160.00
M 010420 153257     8033425 189.35 215.00 158.00
M 010420 153357     8045063 193.97 230.00 162.00
M 010420 153457     8056842 196.32 227.00 172.00
M 010420 153557     8068653 196.85 226.00 158.00
M 010420 153657     8080352 194.98 223.00 157.00
M 010420 153757     8092050 194.97 239.00 167.00
M 010420 153857     8103654 193.40 225.00 164.00
M 010420 153957     8115429 196.25 229.00 149.00
M 010420 154057     8127160 195.52 232.00 158.00
M 010420 154157     8138628 191.13 230.00 162.00
M 010420 154257     8149985 189.28 223.00 151.00
M 010420 154357     8160960 182.92 223.00 158.00
M 010420 154457     8171981 183.68 220.00 158.00
M 010420 154557     8182941 182.67 212.00 159.00
M 010420 154657     8194045 185.07 207.00 147.00
M 010420 154757     8205057 183.53 215.00 153.00
M 010420 154857     8216075 183.63 222.00 147.00
M 010420 154957     8226954 181.32 215.00 156.00
M 010420 155057     8238197 187.38 212.00 158.00
M 010420 155157     8249511 188.57 226.00 156.00
M 010420 155257     8260825 188.57 215.00 158.00
M 010420 155357     8271905 184.67 213.00 153.00
M 010420 155457     8283075 186.17 213.00 154.00
M 010420 155557     8294259 186.40 226.00 159.00
M 010420 155657     8305419 186.00 209.00 144.00
M 010420 155757     8316456 183.95 205.00 157.00
M 010420 155857     8327691 187.25 227.00 162.00
M 010420 155957     8338825 185.57 226.00 159.00
M 010420 160057     8349980 185.92 219.00 157.00
M 010420 160157     8361196 186.93 220.00 159.00
M 010420 160257     8372275 184.65 220.00 157.00
M 010420 160357     8383476 186.68 224.00 165.00
M 010420 160457     8394605 185.48 213.00 158.00
M 010420 160557     8405896 188.18 223.00 163.00
M 010420 160657     8417035 185.65 219.00 162.00
M 010420 160757     8428411 189.60 220.00 162.00
M 010420 160857     8439644 187.22 222.00 165.00
M 010420 160957     8450797 185.88 224.00 137.00
M 010420 161057     8462307 191.83 234.00 164.00
M 010420 161157     8473678 189.52 223.00 153.00
M 010420 161257     8484888 186.83 222.00 161.00
M 010420 161357     8496259 189.52 224.00 159.00
M 010420 161457     8507817 192.63 219.00 161.00
M 010420 161557     8519288 191.18 212.00 164.00
M 010420 161657     8530484 186.60 229.00 156.00
M 010420 161757     8541918 190.57 225.00 150.00
M 010420 161857     8552956 183.97 211.00 157.00
M 010420 161957     8564027 184.52 213.00 162.00
M 010420 162057     8575127 185.00 210.00 158.00
M 010420 162157     8586481 189.23 214.00 163.00
M 010420 162257     8597766 188.08 232.00 158.00
M 010420 162357     8609023 187.62 215.00 160.00
M 010420 162457     8620588 192.75 229.00 155.00
M 010420 162557     8632479 198.18 227.00 178.00
M 010420 162657     8644294 196.92 229.00 169.00
M 010420 162757     8656217 198.72 238.00 167.00
M 010420 162857     8667937 195.33 231.00 173.00
I 010420 162955 File wcd_lago_008_1d-010420-152955.paa writted with 679891 pulses
M 010420 162957     8679581 194.07 235.00 165.00
M 010420 163057     8691239 194.30 216.00 163.00
M 010420 163157     8703226 199.78 238.00 159.00
M 010420 163257     8715372 202.43 236.00 169.00
M 010420 163357     8727272 198.33 226.00 163.00
M 010420 163457     8738257 183.08 211.00 146.00
M 010420 163557     8749567 188.50 216.00 160.00
M 010420 163658     8761079 191.87 232.00 162.00
M 010420 163758     8772888 196.82 242.00 166.00
M 010420 163858     8785055 202.78 239.00 164.00
M 010420 163958     8797235 203.00 235.00 180.00
M 010420 164058     8809610 206.25 248.00 181.00
M 010420 164158     8821765 202.58 228.00 173.00
M 010420 164258     8833939 202.90 240.00 173.00
M 010420 164358     8846372 207.22 246.00 177.00
M 010420 164458     8858859 208.12 238.00 174.00
M 010420 164558     8871373 208.57 248.00 184.00
M 010420 164658     8883589 203.60 229.00 172.00
M 010420 164758     8895401 196.87 227.00 164.00
M 010420 164858     8907583 203.03 228.00 176.00
M 010420 164958     8919812 203.82 242.00 172.00
M 010420 165058     8932146 205.57 237.00 175.00
M 010420 165158     8944485 205.65 245.00 173.00
M 010420 165258     8956784 204.98 234.00 177.00
M 010420 165358     8969238 207.57 239.00 168.00
M 010420 165458     8981534 204.93 233.00 160.00
M 010420 165558     8993597 201.05 242.00 175.00
M 010420 165658     9005401 196.73 228.00 165.00
M 010420 165758     9017475 201.23 234.00 167.00
M 010420 165858     9029561 201.43 231.00 180.00
M 010420 165958     9041418 197.62 231.00 164.00
M 010420 170058     9053128 195.17 234.00 170.00
M 010420 170158     9064650 192.03 221.00 158.00
M 010420 170258     9076634 199.73 242.00 170.00
M 010420 170358     9088335 195.02 218.00 168.00
M 010420 170458     9099619 188.07 220.00 151.00
M 010420 170558     9111089 191.17 219.00 161.00
M 010420 170658     9122756 194.45 231.00 163.00
M 010420 170758     9134549 196.55 225.00 169.00
M 010420 170858     9146471 198.70 245.00 163.00
M 010420 170958     9158348 197.95 224.00 169.00
M 010420 171058     9170176 197.13 241.00 171.00
M 010420 171158     9182049 197.88 236.00 166.00
M 010420 171258     9194050 200.02 236.00 171.00
M 010420 171358     9205872 197.03 219.00 171.00
M 010420 171458     9217818 199.10 234.00 171.00
M 010420 171558     9229854 200.60 243.00 168.00
M 010420 171658     9242026 202.87 235.00 170.00
M 010420 171758     9254240 203.57 239.00 172.00
M 010420 171858     9266709 207.82 241.00 184.00
M 010420 171958     9279083 206.23 241.00 171.00
M 010420 172058     9291228 202.42 242.00 167.00
M 010420 172158     9303491 204.38 237.00 180.00
M 010420 172258     9315660 202.82 247.00 177.00
M 010420 172358     9327747 201.45 233.00 167.00
M 010420 172458     9339795 200.80 244.00 173.00
M 010420 172558     9351683 198.13 255.00 173.00
M 010420 172658     9363370 194.78 220.00 156.00
M 010420 172758     9375484 201.90 228.00 176.00
M 010420 172858     9387232 195.80 229.00 169.00
I 010420 172955 File wcd_lago_008_1d-010420-162955.paa writted with 718521 pulses
M 010420 172958     9398281 184.15 207.00 152.00
M 010420 173058     9409793 191.87 224.00 157.00
M 010420 173158     9421202 190.15 228.00 156.00
M 010420 173258     9432538 188.93 219.00 158.00
M 010420 173358     9443921 189.72 223.00 155.00
M 010420 173458     9455349 190.47 225.00 158.00
M 010420 173558     9467117 196.13 226.00 163.00
M 010420 173658     9478735 193.63 228.00 168.00
M 010420 173758     9490760 200.42 226.00 164.00
M 010420 173858     9503206 207.43 239.00 179.00
M 010420 173958     9515558 205.87 256.00 180.00
M 010420 174058     9528008 207.50 235.00 162.00
M 010420 174158     9540273 204.42 238.00 163.00
M 010420 174258     9552459 203.10 237.00 159.00
M 010420 174358     9564371 198.53 228.00 169.00
M 010420 174458     9576101 195.50 215.00 161.00
M 010420 174558     9587699 193.30 230.00 164.00
M 010420 174658     9599353 194.23 232.00 164.00
M 010420 174758     9611924 209.52 243.00 183.00
M 010420 174858     9625076 219.20 249.00 187.00
M 010420 174958     9637879 213.38 238.00 184.00
M 010420 175058     9650762 214.72 248.00 193.00
M 010420 175158     9663466 211.73 236.00 179.00
M 010420 175258     9676147 211.35 241.00 177.00
M 010420 175358     9688770 210.38 251.00 179.00
M 010420 175458     9701493 212.05 245.00 183.00
M 010420 175558     9714205 211.87 236.00 171.00
M 010420 175658     9726665 207.67 235.00 167.00
M 010420 175758     9739440 212.92 240.00 182.00
M 010420 175858     9751977 208.95 239.00 177.00
M 010420 175958     9764844 214.45 239.00 188.00
M 010420 180058     9777652 213.47 240.00 175.00
M 010420 180158     9790623 216.18 243.00 184.00
M 010420 180258     9803683 217.67 250.00 188.00
M 010420 180358     9816013 205.50 229.00 176.00
M 010420 180458     9828342 205.48 242.00 171.00
M 010420 180558     9840349 200.12 231.00 164.00
M 010420 180658     9852428 201.32 233.00 161.00
M 010420 180758     9864756 205.47 248.00 172.00
M 010420 180858     9877156 206.67 249.00 170.00
M 010420 180958     9890410 220.90 254.00 197.00
M 010420 181058     9903889 224.65 252.00 181.00
M 010420 181158     9917316 223.78 253.00 196.00
M 010420 181258     9930543 220.45 255.00 187.00
M 010420 181358     9944144 226.68 257.00 192.00
M 010420 181458     9957668 225.40 262.00 177.00
M 010420 181558     9971238 226.17 268.00 187.00
M 010420 181658     9984545 221.78 266.00 198.00
M 010420 181758     9997746 220.02 249.00 185.00
M 010420 181858    10011051 221.75 246.00 188.00
M 010420 181958    10024396 222.42 255.00 187.00
M 010420 182058    10037213 213.62 256.00 185.00
M 010420 182158    10050123 215.17 254.00 180.00
M 010420 182258    10062924 213.35 258.00 185.00
M 010420 182358    10075789 214.42 240.00 186.00
M 010420 182458    10088700 215.18 244.00 183.00
M 010420 182558    10101453 212.55 244.00 176.00
M 010420 182658    10114282 213.82 239.00 181.00
M 010420 182758    10126867 209.75 239.00 172.00
M 010420 182858    10139570 211.72 245.00 185.00
I 010420 182955 File wcd_lago_008_1d-010420-172955.paa writted with 754069 pulses
M 010420 182958    10152419 214.15 264.00 182.00
M 010420 183058    10165555 218.93 252.00 199.00
M 010420 183158    10178815 221.00 252.00 195.00
M 010420 183258    10191899 218.07 254.00 186.00
M 010420 183358    10204683 213.07 254.00 186.00
M 010420 183458    10216861 202.97 238.00 168.00
M 010420 183558    10228817 199.27 231.00 167.00
M 010420 183658    10241169 205.87 233.00 180.00
M 010420 183758    10253726 209.28 240.00 183.00
M 010420 183858    10266422 211.60 241.00 179.00
M 010420 183958    10279702 221.33 261.00 187.00
M 010420 184058    10293047 222.42 260.00 179.00
M 010420 184158    10306252 220.08 257.00 186.00
M 010420 184258    10319540 221.47 264.00 189.00
M 010420 184358    10332362 213.70 241.00 168.00
M 010420 184458    10344901 208.98 242.00 186.00
M 010420 184558    10357515 210.23 239.00 177.00
M 010420 184658    10370392 214.62 241.00 179.00
M 010420 184758    10383201 213.48 248.00 188.00
M 010420 184858    10396196 216.58 253.00 185.00
M 010420 184958    10409020 213.73 250.00 187.00
M 010420 185058    10421741 212.02 241.00 165.00
M 010420 185158    10434507 212.77 246.00 182.00
M 010420 185258    10447442 215.58 251.00 167.00
M 010420 185358    10460238 213.27 242.00 181.00
M 010420 185458    10473295 217.62 253.00 189.00
M 010420 185558    10486542 220.78 246.00 185.00
M 010420 185658    10499579 217.28 245.00 184.00
M 010420 185758    10512593 216.90 253.00 185.00
M 010420 185858    10525573 216.33 245.00 173.00
M 010420 185958    10538623 217.50 252.00 190.00
M 010420 190058    10551834 220.18 268.00 181.00
M 010420 190158    10564965 218.85 249.00 162.00
M 010420 190258    10578339 222.90 256.00 191.00
M 010420 190358    10591351 216.87 242.00 188.00
M 010420 190458    10604160 213.48 248.00 185.00
M 010420 190558    10617183 217.05 240.00 187.00
M 010420 190658    10629975 213.20 241.00 181.00
M 010420 190758    10642891 215.27 246.00 187.00
M 010420 190858    10655693 213.37 254.00 187.00
M 010420 190958    10668283 209.83 239.00 168.00
M 010420 191058    10680647 206.07 238.00 165.00
M 010420 191158    10692792 202.42 233.00 165.00
M 010420 191258    10704628 197.27 221.00 169.00
M 010420 191358    10716818 203.17 237.00 171.00
M 010420 191458    10729033 203.58 235.00 176.00
M 010420 191558    10740661 193.80 242.00 163.00
M 010420 191658    10752300 193.98 234.00 165.00
M 010420 191758    10763970 194.50 242.00 150.00
M 010420 191858    10775984 200.23 223.00 171.00
M 010420 191958    10787799 196.92 225.00 162.00
M 010420 192058    10799508 195.15 219.00 153.00
M 010420 192158    10811429 198.68 228.00 161.00
M 010420 192258    10823009 193.00 219.00 166.00
M 010420 192358    10834865 197.60 240.00 173.00
M 010420 192458    10846770 198.42 225.00 170.00
M 010420 192558    10858395 193.75 215.00 168.00
M 010420 192658    10870102 195.12 225.00 161.00
M 010420 192758    10881876 196.23 228.00 166.00
M 010420 192858    10893901 200.42 229.00 174.00
I 010420 192955 File wcd_lago_008_1d-010420-182955.paa writted with 753251 pulses
M 010420 192958    10905618 195.28 230.00 158.00
M 010420 193058    10917390 196.20 230.00 167.00
M 010420 193158    10928922 192.20 233.00 164.00
M 010420 193258    10940755 197.22 226.00 162.00
M 010420 193358    10952502 195.78 224.00 161.00
M 010420 193458    10964221 195.32 228.00 164.00
M 010420 193558    10976598 206.28 240.00 176.00
M 010420 193658    10988659 201.02 233.00 175.00
M 010420 193758    11000437 196.30 232.00 168.00
M 010420 193858    11011969 192.20 233.00 154.00
M 010420 193958    11023566 193.28 225.00 162.00
M 010420 194058    11034847 188.02 217.00 161.00
M 010420 194158    11046348 191.68 225.00 151.00
M 010420 194258    11057834 191.43 222.00 161.00
M 010420 194358    11069445 193.52 223.00 163.00
M 010420 194458    11081304 197.65 219.00 168.00
M 010420 194558    11092897 193.22 226.00 165.00
M 010420 194658    11104065 186.13 225.00 153.00
M 010420 194758    11115668 193.38 219.00 159.00
M 010420 194858    11127015 189.12 213.00 147.00
M 010420 194958    11138451 190.60 221.00 156.00
M 010420 195058    11149835 189.73 216.00 163.00
M 010420 195158    11161114 187.98 217.00 162.00
M 010420 195258    11172173 184.32 216.00 161.00
M 010420 195358    11183260 184.78 215.00 153.00
M 010420 195458    11194264 183.40 219.00 144.00
M 010420 195558    11205205 182.35 213.00 160.00
M 010420 195658    11216075 181.17 203.00 153.00
M 010420 195758    11226876 180.02 215.00 141.00
M 010420 195858    11237536 177.67 210.00 146.00
M 010420 195958    11247969 173.88 193.00 145.00
M 010420 200058    11258666 178.28 201.00 155.00
M 010420 200158    11269228 176.03 213.00 153.00
M 010420 200258    11279849 177.02 213.00 140.00
M 010420 200358    11290728 181.32 206.00 146.00
M 010420 200458    11301446 178.63 211.00 155.00
M 010420 200558    11312186 179.00 204.00 150.00
M 010420 200658    11323333 185.78 216.00 160.00
M 010420 200758    11334338 183.42 224.00 148.00
M 010420 200858    11345806 191.13 221.00 163.00
M 010420 200958    11356983 186.28 212.00 165.00
M 010420 201058    11368030 184.12 213.00 157.00
M 010420 201158    11378974 182.40 219.00 148.00
M 010420 201258    11389743 179.48 214.00 158.00
M 010420 201358    11400746 183.38 217.00 157.00
M 010420 201458    11411966 187.00 220.00 159.00
M 010420 201558    11423539 192.88 224.00 154.00
M 010420 201658    11435172 193.88 229.00 165.00
M 010420 201758    11446931 195.98 244.00 165.00
M 010420 201858    11459132 203.35 238.00 160.00
M 010420 201958    11472350 220.30 259.00 189.00
M 010420 202058    11485710 222.67 255.00 186.00
M 010420 202158    11499131 223.68 254.00 190.00
M 010420 202259    11512320 219.82 246.00 198.00
M 010420 202359    11525817 224.95 255.00 195.00
M 010420 202459    11539348 225.52 261.00 190.00
M 010420 202559    11552848 225.00 258.00 198.00
M 010420 202659    11566373 225.42 260.00 194.00
M 010420 202759    11580078 228.42 262.00 196.00
M 010420 202859    11593793 228.58 268.00 191.00
I 010420 202955 File wcd_lago_008_1d-010420-192955.paa writted with 701804 pulses
M 010420 202959    11607773 233.00 286.00 200.00
M 010420 203059    11621368 226.58 255.00 198.00
M 010420 203159    11634880 225.20 267.00 186.00
M 010420 203259    11648265 223.08 258.00 188.00
M 010420 203359    11661606 222.35 252.00 188.00
M 010420 203459    11674833 220.45 258.00 161.00
M 010420 203559    11688248 223.58 270.00 192.00
M 010420 203659    11701349 218.35 253.00 182.00
M 010420 203759    11714340 216.52 258.00 178.00
M 010420 203859    11727367 217.12 250.00 176.00
M 010420 203959    11740327 216.00 254.00 188.00
M 010420 204059    11753200 214.55 242.00 179.00
M 010420 204159    11766203 216.72 260.00 186.00
M 010420 204259    11779240 217.28 250.00 194.00
M 010420 204359    11791943 211.72 251.00 180.00
M 010420 204459    11804766 213.72 235.00 183.00
M 010420 204559    11817594 213.80 247.00 177.00
M 010420 204659    11830678 218.07 259.00 184.00
M 010420 204759    11843887 220.15 250.00 187.00
M 010420 204859    11856951 217.73 249.00 187.00
M 010420 204959    11869632 211.35 244.00 185.00
M 010420 205059    11882377 212.42 240.00 188.00
M 010420 205159    11894268 198.18 240.00 154.00
M 010420 205259    11905839 192.85 224.00 164.00
M 010420 205359    11917259 190.33 227.00 156.00
M 010420 205459    11928567 188.47 218.00 153.00
M 010420 205559    11939669 185.03 211.00 150.00
M 010420 205659    11950571 181.70 210.00 160.00
M 010420 205759    11961543 182.87 217.00 148.00
M 010420 205859    11972488 182.42 220.00 155.00
M 010420 205959    11983511 183.72 218.00 152.00
M 010420 210059    11994738 187.12 220.00 155.00
M 010420 210159    12006135 189.95 214.00 159.00
M 010420 210259    12017113 182.97 218.00 148.00
M 010420 210359    12028200 184.78 208.00 158.00
M 010420 210459    12039759 192.65 231.00 168.00
M 010420 210559    12051661 198.37 233.00 160.00
M 010420 210659    12063656 199.92 230.00 171.00
M 010420 210759    12075514 197.63 232.00 160.00
M 010420 210859    12087902 206.47 240.00 177.00
M 010420 210959    12100217 205.25 245.00 166.00
M 010420 211059    12112451 203.90 242.00 172.00
M 010420 211159    12124885 207.23 241.00 180.00
M 010420 211259    12137477 209.87 244.00 175.00
M 010420 211359    12150532 217.58 264.00 182.00
M 010420 211459    12164102 226.17 254.00 195.00
M 010420 211559    12177539 223.95 252.00 183.00
M 010420 211659    12190808 221.15 258.00 196.00
M 010420 211759    12204102 221.57 256.00 184.00
M 010420 211859    12217665 226.05 273.00 183.00
M 010420 211959    12231014 222.48 251.00 183.00
M 010420 212059    12244774 229.33 265.00 200.00
M 010420 212159    12258190 223.60 259.00 199.00
M 010420 212259    12271768 226.30 257.00 191.00
M 010420 212359    12284536 212.80 251.00 186.00
M 010420 212459    12297524 216.47 252.00 185.00
M 010420 212559    12310394 214.50 244.00 190.00
M 010420 212659    12323140 212.43 234.00 174.00
M 010420 212759    12335770 210.50 240.00 177.00
M 010420 212859    12348260 208.17 253.00 182.00
I 010420 212955 File wcd_lago_008_1d-010420-202955.paa writted with 753373 pulses
M 010420 212959    12361056 213.27 258.00 178.00
M 010420 213059    12373926 214.50 252.00 184.00
M 010420 213159    12386713 213.12 240.00 188.00
M 010420 213259    12399249 208.93 242.00 187.00
M 010420 213359    12411857 210.13 243.00 173.00
M 010420 213459    12424494 210.62 236.00 173.00
M 010420 213559    12436993 208.32 246.00 168.00
M 010420 213659    12449135 202.37 235.00 172.00
M 010420 213759    12460786 194.18 226.00 158.00
M 010420 213859    12472279 191.55 222.00 151.00
M 010420 213959    12483709 190.50 214.00 166.00
M 010420 214059    12495058 189.15 226.00 157.00
M 010420 214159    12505888 180.50 206.00 152.00
M 010420 214259    12516661 179.55 216.00 146.00
M 010420 214359    12527244 176.38 214.00 141.00
M 010420 214459    12537551 171.78 204.00 140.00
M 010420 214559    12547999 174.13 206.00 150.00
M 010420 214659    12558234 170.58 200.00 146.00
M 010420 214759    12568400 169.43 202.00 148.00
M 010420 214859    12578550 169.17 197.00 138.00
M 010420 214959    12588937 173.12 210.00 142.00
M 010420 215059    12599112 169.58 206.00 146.00
M 010420 215159    12609497 173.08 200.00 151.00
M 010420 215259    12619725 170.47 201.00 143.00
M 010420 215359    12629818 168.22 192.00 140.00
M 010420 215459    12640167 172.48 200.00 140.00
M 010420 215559    12650284 168.62 207.00 150.00
M 010420 215659    12660603 171.98 201.00 150.00
M 010420 215759    12670846 170.72 219.00 145.00
M 010420 215859    12681169 172.05 200.00 142.00
M 010420 215959    12691419 170.83 196.00 146.00
M 010420 220059    12701595 169.60 202.00 142.00
M 010420 220159    12711655 167.67 195.00 150.00
M 010420 220259    12721809 169.23 192.00 146.00
M 010420 220359    12731931 168.70 201.00 142.00
M 010420 220459    12742190 170.98 201.00 146.00
M 010420 220559    12752366 169.60 205.00 140.00
M 010420 220659    12762706 172.33 205.00 145.00
M 010420 220759    12772834 168.80 209.00 147.00
M 010420 220859    12782948 168.57 199.00 139.00
M 010420 220959    12793321 172.88 218.00 143.00
M 010420 221059    12803663 172.37 207.00 144.00
M 010420 221159    12814075 173.53 209.00 146.00
M 010420 221259    12824332 170.95 206.00 146.00
M 010420 221359    12834316 166.40 202.00 141.00
M 010420 221459    12844497 169.68 208.00 143.00
M 010420 221559    12854432 165.58 202.00 140.00
M 010420 221659    12864241 163.48 187.00 145.00
M 010420 221759    12874189 165.80 200.00 135.00
M 010420 221859    12883909 162.00 184.00 134.00
M 010420 221959    12893658 162.48 194.00 133.00
M 010420 222059    12903264 160.10 199.00 130.00
M 010420 222159    12913004 162.33 187.00 133.00
M 010420 222259    12922611 160.12 184.00 131.00
M 010420 222359    12932139 158.80 199.00 132.00
M 010420 222459    12941523 156.40 201.00 121.00
M 010420 222559    12951159 160.60 200.00 134.00
M 010420 222659    12960649 158.17 195.00 130.00
M 010420 222759    12970034 156.42 189.00 124.00
M 010420 222859    12979144 151.83 182.00 124.00
I 010420 222955 File wcd_lago_008_1d-010420-212955.paa writted with 627544 pulses
M 010420 222959    12988372 153.80 192.00 125.00
M 010420 223059    12997608 153.93 180.00 134.00
M 010420 223159    13006689 151.35 175.00 122.00
M 010420 223259    13015760 151.18 186.00 127.00
M 010420 223359    13025048 154.80 184.00 120.00
M 010420 223459    13034258 153.50 175.00 134.00
M 010420 223559    13043347 151.48 174.00 124.00
M 010420 223659    13052651 155.07 178.00 132.00
M 010420 223759    13062019 156.13 186.00 134.00
M 010420 223859    13071440 157.02 194.00 117.00
M 010420 223959    13080868 157.13 181.00 127.00
M 010420 224059    13090122 154.23 179.00 112.00
M 010420 224159    13099374 154.20 195.00 129.00
M 010420 224259    13108642 154.47 200.00 127.00
M 010420 224359    13117955 155.22 183.00 130.00
M 010420 224459    13127262 155.12 190.00 127.00
M 010420 224559    13136436 152.90 176.00 129.00
M 010420 224659    13145517 151.35 176.00 117.00
M 010420 224759    13154741 153.73 191.00 124.00
M 010420 224859    13163787 150.77 176.00 129.00
M 010420 224959    13173073 154.77 178.00 127.00
M 010420 225059    13182186 151.88 173.00 126.00
M 010420 225159    13191311 152.08 182.00 128.00
M 010420 225259    13200355 150.73 180.00 125.00
M 010420 225359    13209516 152.68 173.00 129.00
M 010420 225459    13218829 155.22 179.00 128.00
M 010420 225559    13227834 150.08 184.00 124.00
M 010420 225659    13236794 149.33 178.00 124.00
M 010420 225759    13245794 150.00 188.00 125.00
M 010420 225859    13254914 152.00 178.00 116.00
M 010420 225959    13263717 146.72 168.00 117.00
M 010420 230059    13272572 147.58 169.00 123.00
M 010420 230159    13281363 146.52 173.00 119.00
M 010420 230259    13290099 145.60 170.00 125.00
M 010420 230359    13299019 148.67 183.00 120.00
M 010420 230459    13308129 151.83 178.00 118.00
M 010420 230559    13317232 151.72 177.00 125.00
M 010420 230659    13326271 150.65 171.00 124.00
M 010420 230759    13335532 154.35 182.00 127.00
M 010420 230859    13344404 147.87 184.00 125.00
M 010420 230959    13353376 149.53 177.00 115.00
M 010420 231059    13362334 149.30 178.00 124.00
M 010420 231159    13371430 151.60 199.00 118.00
M 010420 231259    13380360 148.83 172.00 117.00
M 010420 231359    13389429 151.15 185.00 127.00
M 010420 231459    13398424 149.92 173.00 115.00
M 010420 231559    13407285 147.68 177.00 112.00
M 010420 231659    13416186 148.35 168.00 114.00
M 010420 231759    13425257 151.18 175.00 120.00
M 010420 231859    13434340 151.38 180.00 118.00
M 010420 231959    13443166 147.10 174.00 121.00
M 010420 232059    13452342 152.93 183.00 124.00
M 010420 232159    13461467 152.08 184.00 135.00
M 010420 232259    13470549 151.37 171.00 133.00
M 010420 232359    13479523 149.57 177.00 124.00
M 010420 232459    13488511 149.80 172.00 124.00
M 010420 232559    13497549 150.63 173.00 125.00
M 010420 232659    13506586 150.62 177.00 112.00
M 010420 232759    13515604 150.30 184.00 115.00
M 010420 232859    13524507 148.38 173.00 122.00
I 010420 232955 File wcd_lago_008_1d-010420-222955.paa writted with 545016 pulses
M 010420 232959    13533433 148.77 183.00 125.00
M 010420 233059    13542350 148.62 173.00 125.00
M 010420 233159    13551117 146.12 169.00 117.00
M 010420 233259    13560077 149.33 173.00 122.00
M 010420 233359    13568922 147.42 190.00 128.00
M 010420 233459    13577807 148.08 176.00 111.00
M 010420 233559    13586742 148.92 174.00 121.00
M 010420 233659    13595527 146.42 174.00 114.00
M 010420 233759    13604648 152.02 182.00 130.00
M 010420 233859    13613553 148.42 174.00 120.00
M 010420 233959    13622521 149.47 177.00 115.00
M 010420 234059    13631537 150.27 176.00 124.00
M 010420 234159    13640782 154.08 183.00 127.00
M 010420 234259    13649616 147.23 183.00 121.00
M 010420 234359    13658488 147.87 182.00 123.00
M 010420 234459    13667502 150.23 173.00 119.00
M 010420 234559    13676478 149.60 172.00 125.00
M 010420 234659    13685586 151.80 188.00 112.00
M 010420 234759    13694592 150.10 178.00 131.00
M 010420 234859    13703777 153.08 180.00 130.00
M 010420 234959    13712922 152.42 183.00 126.00
M 010420 235059    13721934 150.20 171.00 126.00
M 010420 235159    13730675 145.68 204.00 118.00
M 010420 235259    13739729 150.90 174.00 120.00
M 010420 235359    13748765 150.60 173.00 124.00
M 010420 235459    13757708 149.05 176.00 123.00
M 010420 235559    13766629 148.68 171.00 120.00
M 010420 235659    13775591 149.37 173.00 116.00
M 010420 235759    13784362 146.18 167.00 125.00
M 010420 235859    13793350 149.80 191.00 122.00
M 010420 235959    13802423 151.22 173.00 121.00
M 020420 000059    13811722 154.98 181.00 122.00
M 020420 000200    13820881 152.65 174.00 111.00
M 020420 000300    13830162 154.68 185.00 129.00
M 020420 000400    13839115 149.22 170.00 119.00
M 020420 000500    13848212 151.62 183.00 130.00
M 020420 000600    13857378 152.77 182.00 132.00
M 020420 000700    13866631 154.22 180.00 127.00
M 020420 000800    13875653 150.37 180.00 116.00
M 020420 000900    13884864 153.52 197.00 120.00
M 020420 001000    13893915 150.85 173.00 122.00
M 020420 001100    13903102 153.12 185.00 129.00
M 020420 001200    13912146 150.73 200.00 129.00
M 020420 001300    13921456 155.17 176.00 130.00
M 020420 001400    13930535 151.32 185.00 117.00
M 020420 001500    13939609 151.23 170.00 131.00
M 020420 001600    13948861 154.20 189.00 128.00
M 020420 001700    13957723 147.70 175.00 123.00
M 020420 001800    13966938 153.58 178.00 119.00
M 020420 001900    13976117 152.98 180.00 128.00
M 020420 002000    13985326 153.48 192.00 131.00
M 020420 002100    13994250 148.73 173.00 120.00
M 020420 002200    14003356 151.77 183.00 121.00
M 020420 002300    14012396 150.67 174.00 129.00
M 020420 002400    14021408 150.20 172.00 118.00
M 020420 002500    14030472 151.07 181.00 120.00
M 020420 002600    14039588 151.93 188.00 129.00
M 020420 002700    14048759 152.85 178.00 120.00
M 020420 002800    14057681 148.70 177.00 125.00
M 020420 002900    14066655 149.57 169.00 123.00
I 020420 002955 File wcd_lago_008_1d-010420-232955.paa writted with 541980 pulses
M 020420 003000    14075494 147.32 186.00 129.00
M 020420 003100    14084474 149.67 169.00 119.00
M 020420 003200    14093459 149.75 173.00 122.00
M 020420 003300    14102451 149.87 181.00 122.00
M 020420 003400    14111410 149.32 172.00 117.00
M 020420 003500    14120495 151.42 186.00 129.00
M 020420 003600    14129514 150.32 184.00 125.00
M 020420 003700    14138766 154.20 185.00 120.00
M 020420 003800    14148016 154.17 180.00 131.00
M 020420 003900    14157165 152.48 186.00 122.00
M 020420 004000    14166578 156.88 187.00 133.00
M 020420 004100    14175713 152.25 172.00 121.00
M 020420 004200    14184962 154.15 192.00 120.00
M 020420 004300    14194113 152.52 178.00 122.00
M 020420 004400    14203224 151.85 190.00 129.00
M 020420 004500    14212455 153.85 174.00 127.00
M 020420 004600    14221689 153.90 181.00 128.00
M 020420 004700    14230802 151.88 172.00 114.00
M 020420 004800    14240105 155.05 182.00 110.00
M 020420 004900    14249316 153.52 176.00 126.00
M 020420 005000    14258495 152.98 184.00 127.00
M 020420 005100    14267688 153.22 174.00 131.00
M 020420 005200    14276882 153.23 181.00 134.00
M 020420 005300    14286182 155.00 190.00 123.00
M 020420 005400    14295515 155.55 180.00 127.00
M 020420 005500    14304772 154.28 177.00 129.00
M 020420 005600    14313769 149.95 188.00 116.00
M 020420 005700    14322723 149.23 180.00 125.00
M 020420 005800    14331886 152.72 182.00 126.00
M 020420 005900    14340907 150.35 175.00 126.00
M 020420 010000    14349965 150.97 171.00 124.00
M 020420 010100    14359140 152.92 176.00 127.00
M 020420 010200    14368259 151.98 185.00 121.00
M 020420 010300    14377416 152.62 181.00 120.00
M 020420 010400    14386520 151.73 185.00 116.00
M 020420 010500    14395490 149.50 189.00 121.00
M 020420 010600    14404509 150.32 178.00 122.00
M 020420 010700    14413451 149.03 172.00 117.00
M 020420 010800    14422367 148.60 169.00 118.00
M 020420 010900    14431271 148.40 173.00 126.00
M 020420 011000    14440267 149.93 176.00 121.00
M 020420 011100    14449143 147.93 190.00 118.00
M 020420 011200    14458048 148.42 180.00 116.00
M 020420 011300    14466885 147.28 169.00 121.00
M 020420 011400    14475737 147.53 174.00 123.00
M 020420 011500    14484857 152.00 192.00 131.00
M 020420 011600    14493675 146.97 168.00 117.00
M 020420 011700    14502556 148.02 173.00 116.00
M 020420 011800    14511594 150.63 179.00 122.00
M 020420 011900    14520578 149.73 177.00 123.00
M 020420 012000    14529424 147.43 177.00 109.00
M 020420 012100    14538414 149.83 191.00 123.00
M 020420 012200    14547401 149.78 182.00 127.00
M 020420 012300    14556280 147.98 182.00 117.00
M 020420 012400    14565147 147.78 173.00 113.00
M 020420 012500    14573860 145.22 173.00 112.00
M 020420 012600    14582748 148.13 183.00 123.00
M 020420 012700    14591578 147.17 181.00 117.00
M 020420 012800    14600594 150.27 187.00 122.00
M 020420 012900    14609602 150.13 184.00 126.00
I 020420 012955 File wcd_lago_008_1d-020420-002955.paa writted with 542858 pulses
M 020420 013000    14618337 145.58 176.00 121.00
M 020420 013100    14627154 146.95 173.00 129.00
M 020420 013200    14635939 146.42 173.00 114.00
M 020420 013300    14644761 147.03 175.00 125.00
M 020420 013400    14653612 147.52 169.00 123.00
M 020420 013500    14662370 145.97 175.00 123.00
M 020420 013600    14671360 149.83 179.00 117.00
M 020420 013700    14680298 148.97 173.00 118.00
M 020420 013800    14689165 147.78 175.00 118.00
M 020420 013900    14698225 151.00 185.00 126.00
M 020420 014000    14706976 145.85 169.00 115.00
M 020420 014100    14715859 148.05 167.00 126.00
M 020420 014200    14724922 151.05 178.00 130.00
M 020420 014300    14734013 151.52 182.00 125.00
M 020420 014400    14742962 149.15 182.00 128.00
M 020420 014500    14751965 150.05 170.00 122.00
M 020420 014600    14760989 150.40 169.00 126.00
M 020420 014700    14769884 148.25 182.00 122.00
M 020420 014800    14779193 155.15 175.00 122.00
M 020420 014900    14788049 147.60 196.00 118.00
M 020420 015000    14796836 146.45 171.00 117.00
M 020420 015100    14805823 149.78 173.00 125.00
M 020420 015200    14814758 148.92 174.00 118.00
M 020420 015300    14823848 151.50 177.00 120.00
M 020420 015400    14832809 149.35 177.00 120.00
M 020420 015500    14841936 152.12 172.00 132.00
M 020420 015600    14851083 152.45 182.00 129.00
M 020420 015700    14860209 152.10 187.00 123.00
M 020420 015800    14869332 152.05 178.00 126.00
M 020420 015900    14878460 152.13 179.00 125.00
M 020420 020000    14887668 153.47 181.00 123.00
M 020420 020100    14896755 151.45 170.00 128.00
M 020420 020200    14905690 148.92 174.00 124.00
M 020420 020300    14914673 149.72 181.00 121.00
M 020420 020400    14923629 149.27 171.00 116.00
M 020420 020500    14932720 151.52 170.00 119.00
M 020420 020600    14941738 150.30 181.00 120.00
M 020420 020700    14950833 151.58 189.00 125.00
M 020420 020800    14960146 155.22 192.00 123.00
M 020420 020900    14969209 151.05 188.00 125.00
M 020420 021000    14978279 151.17 177.00 128.00
M 020420 021100    14987353 151.23 176.00 125.00
M 020420 021200    14996398 150.75 171.00 116.00
M 020420 021300    15005477 151.32 185.00 124.00
M 020420 021400    15014400 148.72 178.00 123.00
M 020420 021500    15023534 152.23 180.00 123.00
M 020420 021600    15032490 149.27 189.00 125.00
M 020420 021700    15041564 151.23 175.00 122.00
M 020420 021800    15050579 150.25 175.00 130.00
M 020420 021900    15059684 151.75 180.00 128.00
M 020420 022000    15068693 150.15 177.00 129.00
M 020420 022100    15077824 152.18 184.00 123.00
M 020420 022200    15086663 147.32 169.00 107.00
M 020420 022300    15095635 149.53 179.00 123.00
M 020420 022400    15104551 148.60 176.00 122.00
M 020420 022500    15113505 149.23 178.00 123.00
M 020420 022600    15122519 150.23 175.00 126.00
M 020420 022700    15131501 149.70 185.00 124.00
M 020420 022800    15140507 150.10 170.00 114.00
M 020420 022900    15149513 150.10 179.00 131.00
I 020420 022954 Acquisition stopped
I 020420 022954 File wcd_lago_008_1d-020420-012955.paa writted with 540143 pulses
I 020420 022954 Elapsed time:   86400 s; Pulse count:    15157750; Average rate: 175.44 Hz; Files writed:      24
I 020420 022955 Log file stopped
